0 verbose cli /root/.nvm/versions/node/v22.17.1/bin/node /root/.nvm/versions/node/v22.17.1/bin/npm
1 info using npm@10.9.2
2 info using node@v22.17.1
3 silly config load:file:/root/.nvm/versions/node/v22.17.1/lib/node_modules/npm/npmrc
4 silly config load:file:/root/.npmrc
5 silly config load:file:/root/.nvm/versions/node/v22.17.1/etc/npmrc
6 verbose title npm install express mysql2 dotenv cors
7 verbose argv "install" "express" "mysql2" "dotenv" "cors"
8 verbose logfile logs-max:10 dir:/root/.npm/_logs/2025-07-24T13_17_29_439Z-
9 verbose logfile /root/.npm/_logs/2025-07-24T13_17_29_439Z-debug-0.log
10 silly logfile done cleaning log files
11 silly packumentCache heap:1054605312 maxSize:263651328 maxEntrySize:131825664
12 silly idealTree buildDeps
13 silly fetch manifest express@*
14 silly packumentCache full:https://registry.npmjs.org/express cache-miss
15 http fetch GET 200 https://registry.npmjs.org/express 158ms (cache miss)
16 silly packumentCache full:https://registry.npmjs.org/express set size:undefined disposed:false
17 silly fetch manifest mysql2@*
18 silly packumentCache full:https://registry.npmjs.org/mysql2 cache-miss
19 http fetch GET 200 https://registry.npmjs.org/mysql2 60ms (cache miss)
20 silly packumentCache full:https://registry.npmjs.org/mysql2 set size:undefined disposed:false
21 silly fetch manifest dotenv@*
22 silly packumentCache full:https://registry.npmjs.org/dotenv cache-miss
23 http fetch GET 200 https://registry.npmjs.org/dotenv 53ms (cache miss)
24 silly packumentCache full:https://registry.npmjs.org/dotenv set size:undefined disposed:false
25 silly fetch manifest cors@*
26 silly packumentCache full:https://registry.npmjs.org/cors cache-miss
27 http fetch GET 200 https://registry.npmjs.org/cors 41ms (cache miss)
28 silly packumentCache full:https://registry.npmjs.org/cors set size:undefined disposed:false
29 silly placeDep ROOT cors@2.8.5 OK for: root@1.0.0 want: *
30 silly placeDep ROOT dotenv@17.2.0 OK for: root@1.0.0 want: *
31 silly placeDep ROOT express@5.1.0 OK for: root@1.0.0 want: *
32 silly placeDep ROOT mysql2@3.14.2 OK for: root@1.0.0 want: *
33 silly fetch manifest vary@^1
34 silly packumentCache full:https://registry.npmjs.org/vary cache-miss
35 silly fetch manifest object-assign@^4
36 silly packumentCache full:https://registry.npmjs.org/object-assign cache-miss
37 http fetch GET 200 https://registry.npmjs.org/vary 70ms (cache miss)
38 silly packumentCache full:https://registry.npmjs.org/vary set size:undefined disposed:false
39 silly fetch manifest qs@^6.14.0
40 silly packumentCache full:https://registry.npmjs.org/qs cache-miss
41 http fetch GET 200 https://registry.npmjs.org/object-assign 73ms (cache miss)
42 silly packumentCache full:https://registry.npmjs.org/object-assign set size:undefined disposed:false
43 silly fetch manifest etag@^1.8.1
44 silly packumentCache full:https://registry.npmjs.org/etag cache-miss
45 http fetch GET 200 https://registry.npmjs.org/etag 25ms (cache miss)
46 silly packumentCache full:https://registry.npmjs.org/etag set size:undefined disposed:false
47 silly fetch manifest once@^1.4.0
48 silly packumentCache full:https://registry.npmjs.org/once cache-miss
49 http fetch GET 200 https://registry.npmjs.org/once 32ms (cache miss)
50 silly packumentCache full:https://registry.npmjs.org/once set size:undefined disposed:false
51 silly fetch manifest send@^1.1.0
52 silly packumentCache full:https://registry.npmjs.org/send cache-miss
53 http fetch GET 200 https://registry.npmjs.org/qs 86ms (cache miss)
54 silly packumentCache full:https://registry.npmjs.org/qs set size:undefined disposed:false
55 silly fetch manifest vary@^1.1.2
56 silly packumentCache full:https://registry.npmjs.org/vary cache-miss
57 http cache https://registry.npmjs.org/vary 11ms (cache hit)
58 silly packumentCache full:https://registry.npmjs.org/vary set size:16018 disposed:false
59 silly fetch manifest debug@^4.4.0
60 silly packumentCache full:https://registry.npmjs.org/debug cache-miss
61 http fetch GET 200 https://registry.npmjs.org/send 43ms (cache miss)
62 silly packumentCache full:https://registry.npmjs.org/send set size:undefined disposed:false
63 silly fetch manifest fresh@^2.0.0
64 silly packumentCache full:https://registry.npmjs.org/fresh cache-miss
65 http fetch GET 200 https://registry.npmjs.org/fresh 37ms (cache miss)
66 silly packumentCache full:https://registry.npmjs.org/fresh set size:undefined disposed:false
67 silly fetch manifest cookie@^0.7.1
68 silly packumentCache full:https://registry.npmjs.org/cookie cache-miss
69 http fetch GET 200 https://registry.npmjs.org/debug 57ms (cache miss)
70 silly packumentCache full:https://registry.npmjs.org/debug set size:undefined disposed:false
71 silly fetch manifest router@^2.2.0
72 silly packumentCache full:https://registry.npmjs.org/router cache-miss
73 http fetch GET 200 https://registry.npmjs.org/cookie 30ms (cache miss)
74 silly packumentCache full:https://registry.npmjs.org/cookie set size:undefined disposed:false
75 silly fetch manifest accepts@^2.0.0
76 silly packumentCache full:https://registry.npmjs.org/accepts cache-miss
77 http fetch GET 200 https://registry.npmjs.org/accepts 31ms (cache miss)
78 silly packumentCache full:https://registry.npmjs.org/accepts set size:undefined disposed:false
79 silly fetch manifest type-is@^2.0.1
80 silly packumentCache full:https://registry.npmjs.org/type-is cache-miss
81 http fetch GET 200 https://registry.npmjs.org/router 63ms (cache miss)
82 silly packumentCache full:https://registry.npmjs.org/router set size:undefined disposed:false
83 silly fetch manifest parseurl@^1.3.3
84 silly packumentCache full:https://registry.npmjs.org/parseurl cache-miss
85 http fetch GET 200 https://registry.npmjs.org/type-is 31ms (cache miss)
86 silly packumentCache full:https://registry.npmjs.org/type-is set size:undefined disposed:false
87 silly fetch manifest statuses@^2.0.1
88 silly packumentCache full:https://registry.npmjs.org/statuses cache-miss
89 http fetch GET 200 https://registry.npmjs.org/statuses 37ms (cache miss)
90 silly packumentCache full:https://registry.npmjs.org/statuses set size:undefined disposed:false
91 silly fetch manifest encodeurl@^2.0.0
92 silly packumentCache full:https://registry.npmjs.org/encodeurl cache-miss
93 http fetch GET 200 https://registry.npmjs.org/parseurl 74ms (cache miss)
94 silly packumentCache full:https://registry.npmjs.org/parseurl set size:undefined disposed:false
95 silly fetch manifest mime-types@^3.0.0
96 silly packumentCache full:https://registry.npmjs.org/mime-types cache-miss
97 http fetch GET 200 https://registry.npmjs.org/encodeurl 39ms (cache miss)
98 silly packumentCache full:https://registry.npmjs.org/encodeurl set size:undefined disposed:false
99 silly fetch manifest proxy-addr@^2.0.7
100 silly packumentCache full:https://registry.npmjs.org/proxy-addr cache-miss
101 http fetch GET 200 https://registry.npmjs.org/proxy-addr 37ms (cache miss)
102 silly packumentCache full:https://registry.npmjs.org/proxy-addr set size:undefined disposed:false
103 silly fetch manifest body-parser@^2.2.0
104 silly packumentCache full:https://registry.npmjs.org/body-parser cache-miss
105 http fetch GET 200 https://registry.npmjs.org/mime-types 60ms (cache miss)
106 silly packumentCache full:https://registry.npmjs.org/mime-types set size:undefined disposed:false
107 silly fetch manifest escape-html@^1.0.3
108 silly packumentCache full:https://registry.npmjs.org/escape-html cache-miss
109 http fetch GET 200 https://registry.npmjs.org/body-parser 29ms (cache miss)
110 silly packumentCache full:https://registry.npmjs.org/body-parser set size:undefined disposed:false
111 silly fetch manifest http-errors@^2.0.0
112 silly packumentCache full:https://registry.npmjs.org/http-errors cache-miss
113 http fetch GET 200 https://registry.npmjs.org/escape-html 44ms (cache miss)
114 silly packumentCache full:https://registry.npmjs.org/escape-html set size:undefined disposed:false
115 silly fetch manifest on-finished@^2.4.1
116 silly packumentCache full:https://registry.npmjs.org/on-finished cache-miss
117 http fetch GET 200 https://registry.npmjs.org/http-errors 37ms (cache miss)
118 silly packumentCache full:https://registry.npmjs.org/http-errors set size:undefined disposed:false
119 silly fetch manifest content-type@^1.0.5
120 silly packumentCache full:https://registry.npmjs.org/content-type cache-miss
121 http fetch GET 200 https://registry.npmjs.org/content-type 40ms (cache miss)
122 silly packumentCache full:https://registry.npmjs.org/content-type set size:undefined disposed:false
123 silly fetch manifest finalhandler@^2.1.0
124 silly packumentCache full:https://registry.npmjs.org/finalhandler cache-miss
125 http fetch GET 200 https://registry.npmjs.org/finalhandler 35ms (cache miss)
126 silly packumentCache full:https://registry.npmjs.org/finalhandler set size:undefined disposed:false
127 silly fetch manifest range-parser@^1.2.1
128 silly packumentCache full:https://registry.npmjs.org/range-parser cache-miss
129 http fetch GET 200 https://registry.npmjs.org/on-finished 101ms (cache miss)
130 silly packumentCache full:https://registry.npmjs.org/on-finished set size:undefined disposed:false
131 silly fetch manifest serve-static@^2.2.0
132 silly packumentCache full:https://registry.npmjs.org/serve-static cache-miss
133 http fetch GET 200 https://registry.npmjs.org/range-parser 29ms (cache miss)
134 silly packumentCache full:https://registry.npmjs.org/range-parser set size:undefined disposed:false
135 silly fetch manifest cookie-signature@^1.2.1
136 silly packumentCache full:https://registry.npmjs.org/cookie-signature cache-miss
137 http fetch GET 200 https://registry.npmjs.org/cookie-signature 41ms (cache miss)
138 silly packumentCache full:https://registry.npmjs.org/cookie-signature set size:undefined disposed:false
139 silly fetch manifest merge-descriptors@^2.0.0
140 silly packumentCache full:https://registry.npmjs.org/merge-descriptors cache-miss
141 http fetch GET 200 https://registry.npmjs.org/serve-static 78ms (cache miss)
142 silly packumentCache full:https://registry.npmjs.org/serve-static set size:undefined disposed:false
143 silly fetch manifest content-disposition@^1.0.0
144 silly packumentCache full:https://registry.npmjs.org/content-disposition cache-miss
145 http fetch GET 200 https://registry.npmjs.org/merge-descriptors 29ms (cache miss)
146 silly packumentCache full:https://registry.npmjs.org/merge-descriptors set size:undefined disposed:false
147 silly fetch manifest aws-ssl-profiles@^1.1.1
148 silly packumentCache full:https://registry.npmjs.org/aws-ssl-profiles cache-miss
149 http fetch GET 200 https://registry.npmjs.org/content-disposition 49ms (cache miss)
150 silly packumentCache full:https://registry.npmjs.org/content-disposition set size:undefined disposed:false
151 silly fetch manifest denque@^2.1.0
152 silly packumentCache full:https://registry.npmjs.org/denque cache-miss
153 http fetch GET 200 https://registry.npmjs.org/aws-ssl-profiles 31ms (cache miss)
154 silly packumentCache full:https://registry.npmjs.org/aws-ssl-profiles set size:undefined disposed:false
155 silly fetch manifest generate-function@^2.3.1
156 silly packumentCache full:https://registry.npmjs.org/generate-function cache-miss
157 http fetch GET 200 https://registry.npmjs.org/denque 66ms (cache miss)
158 silly packumentCache full:https://registry.npmjs.org/denque set size:undefined disposed:false
159 silly fetch manifest iconv-lite@^0.6.3
160 silly packumentCache full:https://registry.npmjs.org/iconv-lite cache-miss
161 http fetch GET 200 https://registry.npmjs.org/iconv-lite 50ms (cache miss)
162 silly packumentCache full:https://registry.npmjs.org/iconv-lite set size:undefined disposed:false
163 silly fetch manifest long@^5.2.1
164 silly packumentCache full:https://registry.npmjs.org/long cache-miss
165 http fetch GET 200 https://registry.npmjs.org/long 57ms (cache miss)
166 silly packumentCache full:https://registry.npmjs.org/long set size:undefined disposed:false
167 silly fetch manifest lru.min@^1.0.0
168 silly packumentCache full:https://registry.npmjs.org/lru.min cache-miss
169 http fetch GET 200 https://registry.npmjs.org/lru.min 53ms (cache miss)
170 silly packumentCache full:https://registry.npmjs.org/lru.min set size:undefined disposed:false
171 silly fetch manifest named-placeholders@^1.1.3
172 silly packumentCache full:https://registry.npmjs.org/named-placeholders cache-miss
173 http fetch GET 200 https://registry.npmjs.org/generate-function 422ms (cache miss)
174 silly packumentCache full:https://registry.npmjs.org/generate-function set size:undefined disposed:false
175 silly fetch manifest seq-queue@^0.0.5
176 silly packumentCache full:https://registry.npmjs.org/seq-queue cache-miss
177 http fetch GET 200 https://registry.npmjs.org/named-placeholders 452ms (cache miss)
178 silly packumentCache full:https://registry.npmjs.org/named-placeholders set size:undefined disposed:false
179 silly fetch manifest sqlstring@^2.3.2
180 silly packumentCache full:https://registry.npmjs.org/sqlstring cache-miss
181 http fetch GET 200 https://registry.npmjs.org/sqlstring 44ms (cache miss)
182 silly packumentCache full:https://registry.npmjs.org/sqlstring set size:undefined disposed:false
183 http fetch GET 200 https://registry.npmjs.org/seq-queue 428ms (cache miss)
184 silly packumentCache full:https://registry.npmjs.org/seq-queue set size:undefined disposed:false
185 silly placeDep ROOT object-assign@4.1.1 OK for: cors@2.8.5 want: ^4
186 silly placeDep ROOT vary@1.1.2 OK for: cors@2.8.5 want: ^1
187 silly placeDep ROOT accepts@2.0.0 OK for: express@5.1.0 want: ^2.0.0
188 silly placeDep ROOT body-parser@2.2.0 OK for: express@5.1.0 want: ^2.2.0
189 silly placeDep ROOT content-disposition@1.0.0 OK for: express@5.1.0 want: ^1.0.0
190 silly placeDep ROOT content-type@1.0.5 OK for: express@5.1.0 want: ^1.0.5
191 silly placeDep ROOT cookie@0.7.2 OK for: express@5.1.0 want: ^0.7.1
192 silly placeDep ROOT cookie-signature@1.2.2 OK for: express@5.1.0 want: ^1.2.1
193 silly placeDep ROOT debug@4.4.1 OK for: express@5.1.0 want: ^4.4.0
194 silly placeDep ROOT encodeurl@2.0.0 OK for: express@5.1.0 want: ^2.0.0
195 silly placeDep ROOT escape-html@1.0.3 OK for: express@5.1.0 want: ^1.0.3
196 silly placeDep ROOT etag@1.8.1 OK for: express@5.1.0 want: ^1.8.1
197 silly placeDep ROOT finalhandler@2.1.0 OK for: express@5.1.0 want: ^2.1.0
198 silly placeDep ROOT fresh@2.0.0 OK for: express@5.1.0 want: ^2.0.0
199 silly placeDep ROOT http-errors@2.0.0 OK for: express@5.1.0 want: ^2.0.0
200 silly placeDep ROOT merge-descriptors@2.0.0 OK for: express@5.1.0 want: ^2.0.0
201 silly placeDep ROOT mime-types@3.0.1 OK for: express@5.1.0 want: ^3.0.0
202 silly placeDep ROOT on-finished@2.4.1 OK for: express@5.1.0 want: ^2.4.1
203 silly placeDep ROOT once@1.4.0 OK for: express@5.1.0 want: ^1.4.0
204 silly placeDep ROOT parseurl@1.3.3 OK for: express@5.1.0 want: ^1.3.3
205 silly placeDep ROOT proxy-addr@2.0.7 OK for: express@5.1.0 want: ^2.0.7
206 silly placeDep ROOT qs@6.14.0 OK for: express@5.1.0 want: ^6.14.0
207 silly placeDep ROOT range-parser@1.2.1 OK for: express@5.1.0 want: ^1.2.1
208 silly placeDep ROOT router@2.2.0 OK for: express@5.1.0 want: ^2.2.0
209 silly placeDep ROOT send@1.2.0 OK for: express@5.1.0 want: ^1.1.0
210 silly placeDep ROOT serve-static@2.2.0 OK for: express@5.1.0 want: ^2.2.0
211 silly placeDep ROOT statuses@2.0.2 OK for: express@5.1.0 want: ^2.0.1
212 silly placeDep ROOT type-is@2.0.1 OK for: express@5.1.0 want: ^2.0.1
213 silly fetch manifest negotiator@^1.0.0
214 silly packumentCache full:https://registry.npmjs.org/negotiator cache-miss
215 silly fetch manifest bytes@^3.1.2
216 silly packumentCache full:https://registry.npmjs.org/bytes cache-miss
217 http fetch GET 200 https://registry.npmjs.org/bytes 36ms (cache miss)
218 silly packumentCache full:https://registry.npmjs.org/bytes set size:undefined disposed:false
219 silly fetch manifest raw-body@^3.0.0
220 silly packumentCache full:https://registry.npmjs.org/raw-body cache-miss
221 http fetch GET 200 https://registry.npmjs.org/negotiator 50ms (cache miss)
222 silly packumentCache full:https://registry.npmjs.org/negotiator set size:undefined disposed:false
223 silly fetch manifest type-is@^2.0.0
224 silly packumentCache full:https://registry.npmjs.org/type-is cache-miss
225 http cache https://registry.npmjs.org/type-is 3ms (cache hit)
226 silly packumentCache full:https://registry.npmjs.org/type-is set size:86196 disposed:false
227 silly fetch manifest safe-buffer@5.2.1
228 silly packumentCache full:https://registry.npmjs.org/safe-buffer cache-miss
229 http fetch GET 200 https://registry.npmjs.org/raw-body 30ms (cache miss)
230 silly packumentCache full:https://registry.npmjs.org/raw-body set size:undefined disposed:false
231 silly fetch manifest ms@^2.1.3
232 silly packumentCache full:https://registry.npmjs.org/ms cache-miss
233 http fetch GET 200 https://registry.npmjs.org/safe-buffer 36ms (cache miss)
234 silly packumentCache full:https://registry.npmjs.org/safe-buffer set size:undefined disposed:false
235 silly fetch manifest depd@2.0.0
236 silly packumentCache full:https://registry.npmjs.org/depd cache-miss
237 http fetch GET 200 https://registry.npmjs.org/ms 31ms (cache miss)
238 silly packumentCache full:https://registry.npmjs.org/ms set size:undefined disposed:false
239 silly fetch manifest inherits@2.0.4
240 silly packumentCache full:https://registry.npmjs.org/inherits cache-miss
241 http fetch GET 200 https://registry.npmjs.org/inherits 34ms (cache miss)
242 silly packumentCache full:https://registry.npmjs.org/inherits set size:undefined disposed:false
243 silly fetch manifest statuses@2.0.1
244 silly packumentCache full:https://registry.npmjs.org/statuses cache-miss
245 http cache https://registry.npmjs.org/statuses 6ms (cache hit)
246 silly packumentCache full:https://registry.npmjs.org/statuses set size:37117 disposed:false
247 silly fetch manifest toidentifier@1.0.1
248 silly packumentCache full:https://registry.npmjs.org/toidentifier cache-miss
249 http fetch GET 200 https://registry.npmjs.org/depd 55ms (cache miss)
250 silly packumentCache full:https://registry.npmjs.org/depd set size:undefined disposed:false
251 silly fetch manifest setprototypeof@1.2.0
252 silly packumentCache full:https://registry.npmjs.org/setprototypeof cache-miss
253 http fetch GET 200 https://registry.npmjs.org/toidentifier 27ms (cache miss)
254 silly packumentCache full:https://registry.npmjs.org/toidentifier set size:undefined disposed:false
255 silly fetch manifest mime-db@^1.54.0
256 silly packumentCache full:https://registry.npmjs.org/mime-db cache-miss
257 http fetch GET 200 https://registry.npmjs.org/mime-db 34ms (cache miss)
258 silly packumentCache full:https://registry.npmjs.org/mime-db set size:undefined disposed:false
259 silly fetch manifest ee-first@1.1.1
260 silly packumentCache full:https://registry.npmjs.org/ee-first cache-miss
261 http fetch GET 200 https://registry.npmjs.org/setprototypeof 66ms (cache miss)
262 silly packumentCache full:https://registry.npmjs.org/setprototypeof set size:undefined disposed:false
263 silly fetch manifest wrappy@1
264 silly packumentCache full:https://registry.npmjs.org/wrappy cache-miss
265 http fetch GET 200 https://registry.npmjs.org/ee-first 37ms (cache miss)
266 silly packumentCache full:https://registry.npmjs.org/ee-first set size:undefined disposed:false
267 silly fetch manifest forwarded@0.2.0
268 silly packumentCache full:https://registry.npmjs.org/forwarded cache-miss
269 http fetch GET 200 https://registry.npmjs.org/wrappy 52ms (cache miss)
270 silly packumentCache full:https://registry.npmjs.org/wrappy set size:undefined disposed:false
271 silly fetch manifest ipaddr.js@1.9.1
272 silly packumentCache full:https://registry.npmjs.org/ipaddr.js cache-miss
273 http fetch GET 200 https://registry.npmjs.org/forwarded 27ms (cache miss)
274 silly packumentCache full:https://registry.npmjs.org/forwarded set size:undefined disposed:false
275 silly fetch manifest side-channel@^1.1.0
276 silly packumentCache full:https://registry.npmjs.org/side-channel cache-miss
277 http fetch GET 200 https://registry.npmjs.org/side-channel 26ms (cache miss)
278 silly packumentCache full:https://registry.npmjs.org/side-channel set size:undefined disposed:false
279 silly fetch manifest depd@^2.0.0
280 silly packumentCache full:https://registry.npmjs.org/depd cache-miss
281 http cache https://registry.npmjs.org/depd 2ms (cache hit)
282 silly packumentCache full:https://registry.npmjs.org/depd set size:40182 disposed:false
283 silly fetch manifest is-promise@^4.0.0
284 silly packumentCache full:https://registry.npmjs.org/is-promise cache-miss
285 http fetch GET 200 https://registry.npmjs.org/is-promise 22ms (cache miss)
286 silly packumentCache full:https://registry.npmjs.org/is-promise set size:undefined disposed:false
287 silly fetch manifest path-to-regexp@^8.0.0
288 silly packumentCache full:https://registry.npmjs.org/path-to-regexp cache-miss
289 http fetch GET 200 https://registry.npmjs.org/ipaddr.js 74ms (cache miss)
290 silly packumentCache full:https://registry.npmjs.org/ipaddr.js set size:undefined disposed:false
291 silly fetch manifest media-typer@^1.1.0
292 silly packumentCache full:https://registry.npmjs.org/media-typer cache-miss
293 http fetch GET 200 https://registry.npmjs.org/path-to-regexp 29ms (cache miss)
294 silly packumentCache full:https://registry.npmjs.org/path-to-regexp set size:undefined disposed:false
295 http fetch GET 200 https://registry.npmjs.org/media-typer 136ms (cache miss)
296 silly packumentCache full:https://registry.npmjs.org/media-typer set size:undefined disposed:false
297 silly placeDep ROOT negotiator@1.0.0 OK for: accepts@2.0.0 want: ^1.0.0
298 silly placeDep ROOT bytes@3.1.2 OK for: body-parser@2.2.0 want: ^3.1.2
299 silly placeDep ROOT iconv-lite@0.6.3 OK for: body-parser@2.2.0 want: ^0.6.3
300 silly placeDep ROOT raw-body@3.0.0 OK for: body-parser@2.2.0 want: ^3.0.0
301 silly fetch manifest safer-buffer@>= 2.1.2 < 3.0.0
302 silly packumentCache full:https://registry.npmjs.org/safer-buffer cache-miss
303 silly fetch manifest unpipe@1.0.0
304 silly packumentCache full:https://registry.npmjs.org/unpipe cache-miss
305 http fetch GET 200 https://registry.npmjs.org/safer-buffer 37ms (cache miss)
306 silly packumentCache full:https://registry.npmjs.org/safer-buffer set size:undefined disposed:false
307 http fetch GET 200 https://registry.npmjs.org/unpipe 76ms (cache miss)
308 silly packumentCache full:https://registry.npmjs.org/unpipe set size:undefined disposed:false
309 silly placeDep ROOT safe-buffer@5.2.1 OK for: content-disposition@1.0.0 want: 5.2.1
310 silly placeDep ROOT ms@2.1.3 OK for: debug@4.4.1 want: ^2.1.3
311 silly placeDep ROOT depd@2.0.0 OK for: http-errors@2.0.0 want: 2.0.0
312 silly placeDep ROOT inherits@2.0.4 OK for: http-errors@2.0.0 want: 2.0.4
313 silly placeDep ROOT setprototypeof@1.2.0 OK for: http-errors@2.0.0 want: 1.2.0
314 silly placeDep node_modules/http-errors statuses@2.0.1 OK for: http-errors@2.0.0 want: 2.0.1
315 silly placeDep ROOT toidentifier@1.0.1 OK for: http-errors@2.0.0 want: 1.0.1
316 silly placeDep ROOT safer-buffer@2.1.2 OK for: iconv-lite@0.6.3 want: >= 2.1.2 < 3.0.0
317 silly placeDep ROOT mime-db@1.54.0 OK for: mime-types@3.0.1 want: ^1.54.0
318 silly placeDep ROOT aws-ssl-profiles@1.1.2 OK for: mysql2@3.14.2 want: ^1.1.1
319 silly placeDep ROOT denque@2.1.0 OK for: mysql2@3.14.2 want: ^2.1.0
320 silly placeDep ROOT generate-function@2.3.1 OK for: mysql2@3.14.2 want: ^2.3.1
321 silly placeDep ROOT long@5.3.2 OK for: mysql2@3.14.2 want: ^5.2.1
322 silly placeDep ROOT lru.min@1.1.2 OK for: mysql2@3.14.2 want: ^1.0.0
323 silly placeDep ROOT named-placeholders@1.1.3 OK for: mysql2@3.14.2 want: ^1.1.3
324 silly placeDep ROOT seq-queue@0.0.5 OK for: mysql2@3.14.2 want: ^0.0.5
325 silly placeDep ROOT sqlstring@2.3.3 OK for: mysql2@3.14.2 want: ^2.3.2
326 silly fetch manifest is-property@^1.0.2
327 silly packumentCache full:https://registry.npmjs.org/is-property cache-miss
328 silly fetch manifest lru-cache@^7.14.1
329 silly packumentCache full:https://registry.npmjs.org/lru-cache cache-miss
330 http fetch GET 200 https://registry.npmjs.org/is-property 48ms (cache miss)
331 silly packumentCache full:https://registry.npmjs.org/is-property set size:undefined disposed:false
332 http fetch GET 200 https://registry.npmjs.org/lru-cache 83ms (cache miss)
333 silly packumentCache full:https://registry.npmjs.org/lru-cache set size:undefined disposed:false
334 silly placeDep ROOT is-property@1.0.2 OK for: generate-function@2.3.1 want: ^1.0.2
335 silly placeDep ROOT lru-cache@7.18.3 OK for: named-placeholders@1.1.3 want: ^7.14.1
336 silly placeDep ROOT ee-first@1.1.1 OK for: on-finished@2.4.1 want: 1.1.1
337 silly placeDep ROOT wrappy@1.0.2 OK for: once@1.4.0 want: 1
338 silly placeDep ROOT forwarded@0.2.0 OK for: proxy-addr@2.0.7 want: 0.2.0
339 silly placeDep ROOT ipaddr.js@1.9.1 OK for: proxy-addr@2.0.7 want: 1.9.1
340 silly placeDep ROOT side-channel@1.1.0 OK for: qs@6.14.0 want: ^1.1.0
341 silly fetch manifest es-errors@^1.3.0
342 silly packumentCache full:https://registry.npmjs.org/es-errors cache-miss
343 silly fetch manifest object-inspect@^1.13.3
344 silly packumentCache full:https://registry.npmjs.org/object-inspect cache-miss
345 http fetch GET 200 https://registry.npmjs.org/object-inspect 39ms (cache miss)
346 silly packumentCache full:https://registry.npmjs.org/object-inspect set size:undefined disposed:false
347 silly fetch manifest side-channel-list@^1.0.0
348 silly packumentCache full:https://registry.npmjs.org/side-channel-list cache-miss
349 http fetch GET 200 https://registry.npmjs.org/es-errors 45ms (cache miss)
350 silly packumentCache full:https://registry.npmjs.org/es-errors set size:undefined disposed:false
351 silly fetch manifest side-channel-map@^1.0.1
352 silly packumentCache full:https://registry.npmjs.org/side-channel-map cache-miss
353 http fetch GET 200 https://registry.npmjs.org/side-channel-map 30ms (cache miss)
354 silly packumentCache full:https://registry.npmjs.org/side-channel-map set size:undefined disposed:false
355 silly fetch manifest side-channel-weakmap@^1.0.2
356 silly packumentCache full:https://registry.npmjs.org/side-channel-weakmap cache-miss
357 http fetch GET 200 https://registry.npmjs.org/side-channel-list 42ms (cache miss)
358 silly packumentCache full:https://registry.npmjs.org/side-channel-list set size:undefined disposed:false
359 http fetch GET 200 https://registry.npmjs.org/side-channel-weakmap 31ms (cache miss)
360 silly packumentCache full:https://registry.npmjs.org/side-channel-weakmap set size:undefined disposed:false
361 silly placeDep ROOT unpipe@1.0.0 OK for: raw-body@3.0.0 want: 1.0.0
362 silly placeDep ROOT is-promise@4.0.0 OK for: router@2.2.0 want: ^4.0.0
363 silly placeDep ROOT path-to-regexp@8.2.0 OK for: router@2.2.0 want: ^8.0.0
364 silly placeDep ROOT es-errors@1.3.0 OK for: side-channel@1.1.0 want: ^1.3.0
365 silly placeDep ROOT object-inspect@1.13.4 OK for: side-channel@1.1.0 want: ^1.13.3
366 silly placeDep ROOT side-channel-list@1.0.0 OK for: side-channel@1.1.0 want: ^1.0.0
367 silly placeDep ROOT side-channel-map@1.0.1 OK for: side-channel@1.1.0 want: ^1.0.1
368 silly placeDep ROOT side-channel-weakmap@1.0.2 OK for: side-channel@1.1.0 want: ^1.0.2
369 silly fetch manifest call-bound@^1.0.2
370 silly packumentCache full:https://registry.npmjs.org/call-bound cache-miss
371 silly fetch manifest get-intrinsic@^1.2.5
372 silly packumentCache full:https://registry.npmjs.org/get-intrinsic cache-miss
373 http fetch GET 200 https://registry.npmjs.org/get-intrinsic 32ms (cache miss)
374 silly packumentCache full:https://registry.npmjs.org/get-intrinsic set size:undefined disposed:false
375 silly fetch manifest call-bound@^1.0.2
376 silly packumentCache full:https://registry.npmjs.org/call-bound cache-miss
377 http fetch GET 200 https://registry.npmjs.org/call-bound 42ms (cache miss)
378 silly packumentCache full:https://registry.npmjs.org/call-bound set size:undefined disposed:false
379 http fetch GET 200 https://registry.npmjs.org/call-bound 33ms (cache miss)
380 silly packumentCache full:https://registry.npmjs.org/call-bound set size:undefined disposed:false
381 silly placeDep ROOT call-bound@1.0.4 OK for: side-channel-map@1.0.1 want: ^1.0.2
382 silly placeDep ROOT get-intrinsic@1.3.0 OK for: side-channel-map@1.0.1 want: ^1.2.5
383 silly fetch manifest call-bind-apply-helpers@^1.0.2
384 silly packumentCache full:https://registry.npmjs.org/call-bind-apply-helpers cache-miss
385 silly fetch manifest get-intrinsic@^1.3.0
386 silly packumentCache full:https://registry.npmjs.org/get-intrinsic cache-miss
387 http cache https://registry.npmjs.org/get-intrinsic 5ms (cache hit)
388 silly packumentCache full:https://registry.npmjs.org/get-intrinsic set size:57687 disposed:false
389 silly fetch manifest call-bind-apply-helpers@^1.0.2
390 silly packumentCache full:https://registry.npmjs.org/call-bind-apply-helpers cache-miss
391 http fetch GET 200 https://registry.npmjs.org/call-bind-apply-helpers 28ms (cache miss)
392 silly packumentCache full:https://registry.npmjs.org/call-bind-apply-helpers set size:undefined disposed:false
393 silly fetch manifest es-define-property@^1.0.1
394 silly packumentCache full:https://registry.npmjs.org/es-define-property cache-miss
395 http fetch GET 200 https://registry.npmjs.org/call-bind-apply-helpers 36ms (cache miss)
396 silly packumentCache full:https://registry.npmjs.org/call-bind-apply-helpers set size:undefined disposed:false
397 silly fetch manifest es-object-atoms@^1.1.1
398 silly packumentCache full:https://registry.npmjs.org/es-object-atoms cache-miss
399 http fetch GET 200 https://registry.npmjs.org/es-define-property 30ms (cache miss)
400 silly packumentCache full:https://registry.npmjs.org/es-define-property set size:undefined disposed:false
401 silly fetch manifest function-bind@^1.1.2
402 silly packumentCache full:https://registry.npmjs.org/function-bind cache-miss
403 http fetch GET 200 https://registry.npmjs.org/function-bind 29ms (cache miss)
404 silly packumentCache full:https://registry.npmjs.org/function-bind set size:undefined disposed:false
405 silly fetch manifest get-proto@^1.0.1
406 silly packumentCache full:https://registry.npmjs.org/get-proto cache-miss
407 http fetch GET 200 https://registry.npmjs.org/es-object-atoms 64ms (cache miss)
408 silly packumentCache full:https://registry.npmjs.org/es-object-atoms set size:undefined disposed:false
409 silly fetch manifest gopd@^1.2.0
410 silly packumentCache full:https://registry.npmjs.org/gopd cache-miss
411 http fetch GET 200 https://registry.npmjs.org/get-proto 29ms (cache miss)
412 silly packumentCache full:https://registry.npmjs.org/get-proto set size:undefined disposed:false
413 silly fetch manifest has-symbols@^1.1.0
414 silly packumentCache full:https://registry.npmjs.org/has-symbols cache-miss
415 http fetch GET 200 https://registry.npmjs.org/gopd 56ms (cache miss)
416 silly packumentCache full:https://registry.npmjs.org/gopd set size:undefined disposed:false
417 silly fetch manifest hasown@^2.0.2
418 silly packumentCache full:https://registry.npmjs.org/hasown cache-miss
419 http fetch GET 200 https://registry.npmjs.org/has-symbols 32ms (cache miss)
420 silly packumentCache full:https://registry.npmjs.org/has-symbols set size:undefined disposed:false
421 silly fetch manifest math-intrinsics@^1.1.0
422 silly packumentCache full:https://registry.npmjs.org/math-intrinsics cache-miss
423 http fetch GET 200 https://registry.npmjs.org/hasown 36ms (cache miss)
424 silly packumentCache full:https://registry.npmjs.org/hasown set size:undefined disposed:false
425 http fetch GET 200 https://registry.npmjs.org/math-intrinsics 35ms (cache miss)
426 silly packumentCache full:https://registry.npmjs.org/math-intrinsics set size:undefined disposed:false
427 silly placeDep ROOT call-bind-apply-helpers@1.0.2 OK for: call-bound@1.0.4 want: ^1.0.2
428 silly placeDep ROOT function-bind@1.1.2 OK for: call-bind-apply-helpers@1.0.2 want: ^1.1.2
429 silly placeDep ROOT es-define-property@1.0.1 OK for: get-intrinsic@1.3.0 want: ^1.0.1
430 silly placeDep ROOT es-object-atoms@1.1.1 OK for: get-intrinsic@1.3.0 want: ^1.1.1
431 silly placeDep ROOT get-proto@1.0.1 OK for: get-intrinsic@1.3.0 want: ^1.0.1
432 silly placeDep ROOT gopd@1.2.0 OK for: get-intrinsic@1.3.0 want: ^1.2.0
433 silly placeDep ROOT has-symbols@1.1.0 OK for: get-intrinsic@1.3.0 want: ^1.1.0
434 silly placeDep ROOT hasown@2.0.2 OK for: get-intrinsic@1.3.0 want: ^2.0.2
435 silly placeDep ROOT math-intrinsics@1.1.0 OK for: get-intrinsic@1.3.0 want: ^1.1.0
436 silly fetch manifest dunder-proto@^1.0.1
437 silly packumentCache full:https://registry.npmjs.org/dunder-proto cache-miss
438 http fetch GET 200 https://registry.npmjs.org/dunder-proto 59ms (cache miss)
439 silly packumentCache full:https://registry.npmjs.org/dunder-proto set size:undefined disposed:false
440 silly placeDep ROOT dunder-proto@1.0.1 OK for: get-proto@1.0.1 want: ^1.0.1
441 silly placeDep ROOT media-typer@1.1.0 OK for: type-is@2.0.1 want: ^1.1.0
442 silly reify moves {}
443 silly audit bulk request {
443 silly audit   cors: [ '2.8.5' ],
443 silly audit   dotenv: [ '17.2.0' ],
443 silly audit   express: [ '5.1.0' ],
443 silly audit   mysql2: [ '3.14.2' ],
443 silly audit   'object-assign': [ '4.1.1' ],
443 silly audit   vary: [ '1.1.2' ],
443 silly audit   accepts: [ '2.0.0' ],
443 silly audit   'body-parser': [ '2.2.0' ],
443 silly audit   'content-disposition': [ '1.0.0' ],
443 silly audit   'content-type': [ '1.0.5' ],
443 silly audit   cookie: [ '0.7.2' ],
443 silly audit   'cookie-signature': [ '1.2.2' ],
443 silly audit   debug: [ '4.4.1' ],
443 silly audit   encodeurl: [ '2.0.0' ],
443 silly audit   'escape-html': [ '1.0.3' ],
443 silly audit   etag: [ '1.8.1' ],
443 silly audit   finalhandler: [ '2.1.0' ],
443 silly audit   fresh: [ '2.0.0' ],
443 silly audit   'http-errors': [ '2.0.0' ],
443 silly audit   'merge-descriptors': [ '2.0.0' ],
443 silly audit   'mime-types': [ '3.0.1' ],
443 silly audit   'on-finished': [ '2.4.1' ],
443 silly audit   once: [ '1.4.0' ],
443 silly audit   parseurl: [ '1.3.3' ],
443 silly audit   'proxy-addr': [ '2.0.7' ],
443 silly audit   qs: [ '6.14.0' ],
443 silly audit   'range-parser': [ '1.2.1' ],
443 silly audit   router: [ '2.2.0' ],
443 silly audit   send: [ '1.2.0' ],
443 silly audit   'serve-static': [ '2.2.0' ],
443 silly audit   statuses: [ '2.0.2', '2.0.1' ],
443 silly audit   'type-is': [ '2.0.1' ],
443 silly audit   negotiator: [ '1.0.0' ],
443 silly audit   bytes: [ '3.1.2' ],
443 silly audit   'iconv-lite': [ '0.6.3' ],
443 silly audit   'raw-body': [ '3.0.0' ],
443 silly audit   'safe-buffer': [ '5.2.1' ],
443 silly audit   ms: [ '2.1.3' ],
443 silly audit   depd: [ '2.0.0' ],
443 silly audit   inherits: [ '2.0.4' ],
443 silly audit   setprototypeof: [ '1.2.0' ],
443 silly audit   toidentifier: [ '1.0.1' ],
443 silly audit   'safer-buffer': [ '2.1.2' ],
443 silly audit   'mime-db': [ '1.54.0' ],
443 silly audit   'aws-ssl-profiles': [ '1.1.2' ],
443 silly audit   denque: [ '2.1.0' ],
443 silly audit   'generate-function': [ '2.3.1' ],
443 silly audit   long: [ '5.3.2' ],
443 silly audit   'lru.min': [ '1.1.2' ],
443 silly audit   'named-placeholders': [ '1.1.3' ],
443 silly audit   'seq-queue': [ '0.0.5' ],
443 silly audit   sqlstring: [ '2.3.3' ],
443 silly audit   'is-property': [ '1.0.2' ],
443 silly audit   'lru-cache': [ '7.18.3' ],
443 silly audit   'ee-first': [ '1.1.1' ],
443 silly audit   wrappy: [ '1.0.2' ],
443 silly audit   forwarded: [ '0.2.0' ],
443 silly audit   'ipaddr.js': [ '1.9.1' ],
443 silly audit   'side-channel': [ '1.1.0' ],
443 silly audit   unpipe: [ '1.0.0' ],
443 silly audit   'is-promise': [ '4.0.0' ],
443 silly audit   'path-to-regexp': [ '8.2.0' ],
443 silly audit   'es-errors': [ '1.3.0' ],
443 silly audit   'object-inspect': [ '1.13.4' ],
443 silly audit   'side-channel-list': [ '1.0.0' ],
443 silly audit   'side-channel-map': [ '1.0.1' ],
443 silly audit   'side-channel-weakmap': [ '1.0.2' ],
443 silly audit   'call-bound': [ '1.0.4' ],
443 silly audit   'get-intrinsic': [ '1.3.0' ],
443 silly audit   'call-bind-apply-helpers': [ '1.0.2' ],
443 silly audit   'function-bind': [ '1.1.2' ],
443 silly audit   'es-define-property': [ '1.0.1' ],
443 silly audit   'es-object-atoms': [ '1.1.1' ],
443 silly audit   'get-proto': [ '1.0.1' ],
443 silly audit   gopd: [ '1.2.0' ],
443 silly audit   'has-symbols': [ '1.1.0' ],
443 silly audit   hasown: [ '2.0.2' ],
443 silly audit   'math-intrinsics': [ '1.1.0' ],
443 silly audit   'dunder-proto': [ '1.0.1' ],
443 silly audit   'media-typer': [ '1.1.0' ]
443 silly audit }
444 http cache media-typer@https://registry.npmjs.org/media-typer/-/media-typer-1.1.0.tgz 0ms (cache hit)
445 http cache dunder-proto@https://registry.npmjs.org/dunder-proto/-/dunder-proto-1.0.1.tgz 1ms (cache hit)
446 http cache math-intrinsics@https://registry.npmjs.org/math-intrinsics/-/math-intrinsics-1.1.0.tgz 0ms (cache hit)
447 http cache hasown@https://registry.npmjs.org/hasown/-/hasown-2.0.2.tgz 0ms (cache hit)
448 http cache has-symbols@https://registry.npmjs.org/has-symbols/-/has-symbols-1.1.0.tgz 0ms (cache hit)
449 http cache gopd@https://registry.npmjs.org/gopd/-/gopd-1.2.0.tgz 0ms (cache hit)
450 http cache get-proto@https://registry.npmjs.org/get-proto/-/get-proto-1.0.1.tgz 0ms (cache hit)
451 http cache es-object-atoms@https://registry.npmjs.org/es-object-atoms/-/es-object-atoms-1.1.1.tgz 0ms (cache hit)
452 http cache es-define-property@https://registry.npmjs.org/es-define-property/-/es-define-property-1.0.1.tgz 0ms (cache hit)
453 http cache function-bind@https://registry.npmjs.org/function-bind/-/function-bind-1.1.2.tgz 0ms (cache hit)
454 http cache call-bind-apply-helpers@https://registry.npmjs.org/call-bind-apply-helpers/-/call-bind-apply-helpers-1.0.2.tgz 0ms (cache hit)
455 http cache get-intrinsic@https://registry.npmjs.org/get-intrinsic/-/get-intrinsic-1.3.0.tgz 0ms (cache hit)
456 http cache call-bound@https://registry.npmjs.org/call-bound/-/call-bound-1.0.4.tgz 0ms (cache hit)
457 http cache side-channel-weakmap@https://registry.npmjs.org/side-channel-weakmap/-/side-channel-weakmap-1.0.2.tgz 0ms (cache hit)
458 http cache side-channel-map@https://registry.npmjs.org/side-channel-map/-/side-channel-map-1.0.1.tgz 0ms (cache hit)
459 http cache side-channel-list@https://registry.npmjs.org/side-channel-list/-/side-channel-list-1.0.0.tgz 0ms (cache hit)
460 http cache object-inspect@https://registry.npmjs.org/object-inspect/-/object-inspect-1.13.4.tgz 0ms (cache hit)
461 http cache es-errors@https://registry.npmjs.org/es-errors/-/es-errors-1.3.0.tgz 0ms (cache hit)
462 http cache path-to-regexp@https://registry.npmjs.org/path-to-regexp/-/path-to-regexp-8.2.0.tgz 0ms (cache hit)
463 http cache is-promise@https://registry.npmjs.org/is-promise/-/is-promise-4.0.0.tgz 0ms (cache hit)
464 http cache unpipe@https://registry.npmjs.org/unpipe/-/unpipe-1.0.0.tgz 0ms (cache hit)
465 http cache side-channel@https://registry.npmjs.org/side-channel/-/side-channel-1.1.0.tgz 0ms (cache hit)
466 http cache ipaddr.js@https://registry.npmjs.org/ipaddr.js/-/ipaddr.js-1.9.1.tgz 0ms (cache hit)
467 http cache forwarded@https://registry.npmjs.org/forwarded/-/forwarded-0.2.0.tgz 0ms (cache hit)
468 http cache wrappy@https://registry.npmjs.org/wrappy/-/wrappy-1.0.2.tgz 0ms (cache hit)
469 http cache ee-first@https://registry.npmjs.org/ee-first/-/ee-first-1.1.1.tgz 0ms (cache hit)
470 http cache lru-cache@https://registry.npmjs.org/lru-cache/-/lru-cache-7.18.3.tgz 0ms (cache hit)
471 http cache is-property@https://registry.npmjs.org/is-property/-/is-property-1.0.2.tgz 0ms (cache hit)
472 http cache sqlstring@https://registry.npmjs.org/sqlstring/-/sqlstring-2.3.3.tgz 0ms (cache hit)
473 http cache seq-queue@https://registry.npmjs.org/seq-queue/-/seq-queue-0.0.5.tgz 0ms (cache hit)
474 http cache named-placeholders@https://registry.npmjs.org/named-placeholders/-/named-placeholders-1.1.3.tgz 0ms (cache hit)
475 http cache lru.min@https://registry.npmjs.org/lru.min/-/lru.min-1.1.2.tgz 0ms (cache hit)
476 http cache long@https://registry.npmjs.org/long/-/long-5.3.2.tgz 0ms (cache hit)
477 http cache generate-function@https://registry.npmjs.org/generate-function/-/generate-function-2.3.1.tgz 0ms (cache hit)
478 http cache denque@https://registry.npmjs.org/denque/-/denque-2.1.0.tgz 0ms (cache hit)
479 http cache aws-ssl-profiles@https://registry.npmjs.org/aws-ssl-profiles/-/aws-ssl-profiles-1.1.2.tgz 0ms (cache hit)
480 http cache mime-db@https://registry.npmjs.org/mime-db/-/mime-db-1.54.0.tgz 0ms (cache hit)
481 http cache safer-buffer@https://registry.npmjs.org/safer-buffer/-/safer-buffer-2.1.2.tgz 0ms (cache hit)
482 http cache toidentifier@https://registry.npmjs.org/toidentifier/-/toidentifier-1.0.1.tgz 0ms (cache hit)
483 http cache setprototypeof@https://registry.npmjs.org/setprototypeof/-/setprototypeof-1.2.0.tgz 0ms (cache hit)
484 http cache inherits@https://registry.npmjs.org/inherits/-/inherits-2.0.4.tgz 0ms (cache hit)
485 http cache depd@https://registry.npmjs.org/depd/-/depd-2.0.0.tgz 0ms (cache hit)
486 http cache ms@https://registry.npmjs.org/ms/-/ms-2.1.3.tgz 0ms (cache hit)
487 http cache safe-buffer@https://registry.npmjs.org/safe-buffer/-/safe-buffer-5.2.1.tgz 0ms (cache hit)
488 http cache raw-body@https://registry.npmjs.org/raw-body/-/raw-body-3.0.0.tgz 0ms (cache hit)
489 http cache bytes@https://registry.npmjs.org/bytes/-/bytes-3.1.2.tgz 0ms (cache hit)
490 http cache iconv-lite@https://registry.npmjs.org/iconv-lite/-/iconv-lite-0.6.3.tgz 0ms (cache hit)
491 http cache negotiator@https://registry.npmjs.org/negotiator/-/negotiator-1.0.0.tgz 0ms (cache hit)
492 http cache type-is@https://registry.npmjs.org/type-is/-/type-is-2.0.1.tgz 0ms (cache hit)
493 http cache statuses@https://registry.npmjs.org/statuses/-/statuses-2.0.2.tgz 0ms (cache hit)
494 http cache serve-static@https://registry.npmjs.org/serve-static/-/serve-static-2.2.0.tgz 0ms (cache hit)
495 http cache send@https://registry.npmjs.org/send/-/send-1.2.0.tgz 0ms (cache hit)
496 http cache router@https://registry.npmjs.org/router/-/router-2.2.0.tgz 0ms (cache hit)
497 http cache range-parser@https://registry.npmjs.org/range-parser/-/range-parser-1.2.1.tgz 0ms (cache hit)
498 http cache qs@https://registry.npmjs.org/qs/-/qs-6.14.0.tgz 0ms (cache hit)
499 http cache proxy-addr@https://registry.npmjs.org/proxy-addr/-/proxy-addr-2.0.7.tgz 0ms (cache hit)
500 http cache parseurl@https://registry.npmjs.org/parseurl/-/parseurl-1.3.3.tgz 0ms (cache hit)
501 http cache once@https://registry.npmjs.org/once/-/once-1.4.0.tgz 0ms (cache hit)
502 http cache on-finished@https://registry.npmjs.org/on-finished/-/on-finished-2.4.1.tgz 0ms (cache hit)
503 http cache mime-types@https://registry.npmjs.org/mime-types/-/mime-types-3.0.1.tgz 0ms (cache hit)
504 http cache merge-descriptors@https://registry.npmjs.org/merge-descriptors/-/merge-descriptors-2.0.0.tgz 0ms (cache hit)
505 http cache http-errors@https://registry.npmjs.org/http-errors/-/http-errors-2.0.0.tgz 0ms (cache hit)
506 http cache fresh@https://registry.npmjs.org/fresh/-/fresh-2.0.0.tgz 0ms (cache hit)
507 http cache finalhandler@https://registry.npmjs.org/finalhandler/-/finalhandler-2.1.0.tgz 0ms (cache hit)
508 http cache etag@https://registry.npmjs.org/etag/-/etag-1.8.1.tgz 0ms (cache hit)
509 http cache escape-html@https://registry.npmjs.org/escape-html/-/escape-html-1.0.3.tgz 0ms (cache hit)
510 http cache encodeurl@https://registry.npmjs.org/encodeurl/-/encodeurl-2.0.0.tgz 0ms (cache hit)
511 http cache debug@https://registry.npmjs.org/debug/-/debug-4.4.1.tgz 0ms (cache hit)
512 http cache cookie-signature@https://registry.npmjs.org/cookie-signature/-/cookie-signature-1.2.2.tgz 0ms (cache hit)
513 http cache cookie@https://registry.npmjs.org/cookie/-/cookie-0.7.2.tgz 0ms (cache hit)
514 http cache content-type@https://registry.npmjs.org/content-type/-/content-type-1.0.5.tgz 0ms (cache hit)
515 http cache content-disposition@https://registry.npmjs.org/content-disposition/-/content-disposition-1.0.0.tgz 0ms (cache hit)
516 http cache body-parser@https://registry.npmjs.org/body-parser/-/body-parser-2.2.0.tgz 0ms (cache hit)
517 http cache accepts@https://registry.npmjs.org/accepts/-/accepts-2.0.0.tgz 0ms (cache hit)
518 http cache vary@https://registry.npmjs.org/vary/-/vary-1.1.2.tgz 0ms (cache hit)
519 http cache object-assign@https://registry.npmjs.org/object-assign/-/object-assign-4.1.1.tgz 0ms (cache hit)
520 http cache mysql2@https://registry.npmjs.org/mysql2/-/mysql2-3.14.2.tgz 0ms (cache hit)
521 http cache express@https://registry.npmjs.org/express/-/express-5.1.0.tgz 0ms (cache hit)
522 http cache dotenv@https://registry.npmjs.org/dotenv/-/dotenv-17.2.0.tgz 0ms (cache hit)
523 http cache cors@https://registry.npmjs.org/cors/-/cors-2.8.5.tgz 0ms (cache hit)
524 http cache statuses@https://registry.npmjs.org/statuses/-/statuses-2.0.1.tgz 0ms (cache hit)
525 silly tarball no local data for media-typer@https://registry.npmjs.org/media-typer/-/media-typer-1.1.0.tgz. Extracting by manifest.
526 silly tarball no local data for dunder-proto@https://registry.npmjs.org/dunder-proto/-/dunder-proto-1.0.1.tgz. Extracting by manifest.
527 silly tarball no local data for math-intrinsics@https://registry.npmjs.org/math-intrinsics/-/math-intrinsics-1.1.0.tgz. Extracting by manifest.
528 silly tarball no local data for hasown@https://registry.npmjs.org/hasown/-/hasown-2.0.2.tgz. Extracting by manifest.
529 silly tarball no local data for has-symbols@https://registry.npmjs.org/has-symbols/-/has-symbols-1.1.0.tgz. Extracting by manifest.
530 silly tarball no local data for gopd@https://registry.npmjs.org/gopd/-/gopd-1.2.0.tgz. Extracting by manifest.
531 silly tarball no local data for get-proto@https://registry.npmjs.org/get-proto/-/get-proto-1.0.1.tgz. Extracting by manifest.
532 silly tarball no local data for es-object-atoms@https://registry.npmjs.org/es-object-atoms/-/es-object-atoms-1.1.1.tgz. Extracting by manifest.
533 silly tarball no local data for es-define-property@https://registry.npmjs.org/es-define-property/-/es-define-property-1.0.1.tgz. Extracting by manifest.
534 silly tarball no local data for function-bind@https://registry.npmjs.org/function-bind/-/function-bind-1.1.2.tgz. Extracting by manifest.
535 silly tarball no local data for call-bind-apply-helpers@https://registry.npmjs.org/call-bind-apply-helpers/-/call-bind-apply-helpers-1.0.2.tgz. Extracting by manifest.
536 silly tarball no local data for get-intrinsic@https://registry.npmjs.org/get-intrinsic/-/get-intrinsic-1.3.0.tgz. Extracting by manifest.
537 silly tarball no local data for call-bound@https://registry.npmjs.org/call-bound/-/call-bound-1.0.4.tgz. Extracting by manifest.
538 silly tarball no local data for side-channel-weakmap@https://registry.npmjs.org/side-channel-weakmap/-/side-channel-weakmap-1.0.2.tgz. Extracting by manifest.
539 silly tarball no local data for side-channel-map@https://registry.npmjs.org/side-channel-map/-/side-channel-map-1.0.1.tgz. Extracting by manifest.
540 silly tarball no local data for side-channel-list@https://registry.npmjs.org/side-channel-list/-/side-channel-list-1.0.0.tgz. Extracting by manifest.
541 silly tarball no local data for object-inspect@https://registry.npmjs.org/object-inspect/-/object-inspect-1.13.4.tgz. Extracting by manifest.
542 silly tarball no local data for es-errors@https://registry.npmjs.org/es-errors/-/es-errors-1.3.0.tgz. Extracting by manifest.
543 silly tarball no local data for path-to-regexp@https://registry.npmjs.org/path-to-regexp/-/path-to-regexp-8.2.0.tgz. Extracting by manifest.
544 silly tarball no local data for is-promise@https://registry.npmjs.org/is-promise/-/is-promise-4.0.0.tgz. Extracting by manifest.
545 silly tarball no local data for unpipe@https://registry.npmjs.org/unpipe/-/unpipe-1.0.0.tgz. Extracting by manifest.
546 silly tarball no local data for side-channel@https://registry.npmjs.org/side-channel/-/side-channel-1.1.0.tgz. Extracting by manifest.
547 silly tarball no local data for ipaddr.js@https://registry.npmjs.org/ipaddr.js/-/ipaddr.js-1.9.1.tgz. Extracting by manifest.
548 silly tarball no local data for forwarded@https://registry.npmjs.org/forwarded/-/forwarded-0.2.0.tgz. Extracting by manifest.
549 silly tarball no local data for wrappy@https://registry.npmjs.org/wrappy/-/wrappy-1.0.2.tgz. Extracting by manifest.
550 silly tarball no local data for ee-first@https://registry.npmjs.org/ee-first/-/ee-first-1.1.1.tgz. Extracting by manifest.
551 silly tarball no local data for lru-cache@https://registry.npmjs.org/lru-cache/-/lru-cache-7.18.3.tgz. Extracting by manifest.
552 silly tarball no local data for is-property@https://registry.npmjs.org/is-property/-/is-property-1.0.2.tgz. Extracting by manifest.
553 silly tarball no local data for sqlstring@https://registry.npmjs.org/sqlstring/-/sqlstring-2.3.3.tgz. Extracting by manifest.
554 silly tarball no local data for seq-queue@https://registry.npmjs.org/seq-queue/-/seq-queue-0.0.5.tgz. Extracting by manifest.
555 silly tarball no local data for named-placeholders@https://registry.npmjs.org/named-placeholders/-/named-placeholders-1.1.3.tgz. Extracting by manifest.
556 silly tarball no local data for lru.min@https://registry.npmjs.org/lru.min/-/lru.min-1.1.2.tgz. Extracting by manifest.
557 silly tarball no local data for long@https://registry.npmjs.org/long/-/long-5.3.2.tgz. Extracting by manifest.
558 silly tarball no local data for generate-function@https://registry.npmjs.org/generate-function/-/generate-function-2.3.1.tgz. Extracting by manifest.
559 silly tarball no local data for denque@https://registry.npmjs.org/denque/-/denque-2.1.0.tgz. Extracting by manifest.
560 silly tarball no local data for aws-ssl-profiles@https://registry.npmjs.org/aws-ssl-profiles/-/aws-ssl-profiles-1.1.2.tgz. Extracting by manifest.
561 silly tarball no local data for mime-db@https://registry.npmjs.org/mime-db/-/mime-db-1.54.0.tgz. Extracting by manifest.
562 silly tarball no local data for safer-buffer@https://registry.npmjs.org/safer-buffer/-/safer-buffer-2.1.2.tgz. Extracting by manifest.
563 silly tarball no local data for toidentifier@https://registry.npmjs.org/toidentifier/-/toidentifier-1.0.1.tgz. Extracting by manifest.
564 silly tarball no local data for setprototypeof@https://registry.npmjs.org/setprototypeof/-/setprototypeof-1.2.0.tgz. Extracting by manifest.
565 silly tarball no local data for inherits@https://registry.npmjs.org/inherits/-/inherits-2.0.4.tgz. Extracting by manifest.
566 silly tarball no local data for depd@https://registry.npmjs.org/depd/-/depd-2.0.0.tgz. Extracting by manifest.
567 silly tarball no local data for ms@https://registry.npmjs.org/ms/-/ms-2.1.3.tgz. Extracting by manifest.
568 silly tarball no local data for safe-buffer@https://registry.npmjs.org/safe-buffer/-/safe-buffer-5.2.1.tgz. Extracting by manifest.
569 silly tarball no local data for raw-body@https://registry.npmjs.org/raw-body/-/raw-body-3.0.0.tgz. Extracting by manifest.
570 silly tarball no local data for bytes@https://registry.npmjs.org/bytes/-/bytes-3.1.2.tgz. Extracting by manifest.
571 silly tarball no local data for iconv-lite@https://registry.npmjs.org/iconv-lite/-/iconv-lite-0.6.3.tgz. Extracting by manifest.
572 silly tarball no local data for negotiator@https://registry.npmjs.org/negotiator/-/negotiator-1.0.0.tgz. Extracting by manifest.
573 silly tarball no local data for type-is@https://registry.npmjs.org/type-is/-/type-is-2.0.1.tgz. Extracting by manifest.
574 silly tarball no local data for statuses@https://registry.npmjs.org/statuses/-/statuses-2.0.2.tgz. Extracting by manifest.
575 silly tarball no local data for serve-static@https://registry.npmjs.org/serve-static/-/serve-static-2.2.0.tgz. Extracting by manifest.
576 silly tarball no local data for send@https://registry.npmjs.org/send/-/send-1.2.0.tgz. Extracting by manifest.
577 silly tarball no local data for router@https://registry.npmjs.org/router/-/router-2.2.0.tgz. Extracting by manifest.
578 silly tarball no local data for range-parser@https://registry.npmjs.org/range-parser/-/range-parser-1.2.1.tgz. Extracting by manifest.
579 silly tarball no local data for qs@https://registry.npmjs.org/qs/-/qs-6.14.0.tgz. Extracting by manifest.
580 silly tarball no local data for proxy-addr@https://registry.npmjs.org/proxy-addr/-/proxy-addr-2.0.7.tgz. Extracting by manifest.
581 silly tarball no local data for parseurl@https://registry.npmjs.org/parseurl/-/parseurl-1.3.3.tgz. Extracting by manifest.
582 silly tarball no local data for once@https://registry.npmjs.org/once/-/once-1.4.0.tgz. Extracting by manifest.
583 silly tarball no local data for on-finished@https://registry.npmjs.org/on-finished/-/on-finished-2.4.1.tgz. Extracting by manifest.
584 silly tarball no local data for mime-types@https://registry.npmjs.org/mime-types/-/mime-types-3.0.1.tgz. Extracting by manifest.
585 silly tarball no local data for merge-descriptors@https://registry.npmjs.org/merge-descriptors/-/merge-descriptors-2.0.0.tgz. Extracting by manifest.
586 silly tarball no local data for http-errors@https://registry.npmjs.org/http-errors/-/http-errors-2.0.0.tgz. Extracting by manifest.
587 silly tarball no local data for fresh@https://registry.npmjs.org/fresh/-/fresh-2.0.0.tgz. Extracting by manifest.
588 silly tarball no local data for finalhandler@https://registry.npmjs.org/finalhandler/-/finalhandler-2.1.0.tgz. Extracting by manifest.
589 silly tarball no local data for etag@https://registry.npmjs.org/etag/-/etag-1.8.1.tgz. Extracting by manifest.
590 silly tarball no local data for escape-html@https://registry.npmjs.org/escape-html/-/escape-html-1.0.3.tgz. Extracting by manifest.
591 silly tarball no local data for encodeurl@https://registry.npmjs.org/encodeurl/-/encodeurl-2.0.0.tgz. Extracting by manifest.
592 silly tarball no local data for debug@https://registry.npmjs.org/debug/-/debug-4.4.1.tgz. Extracting by manifest.
593 silly tarball no local data for cookie-signature@https://registry.npmjs.org/cookie-signature/-/cookie-signature-1.2.2.tgz. Extracting by manifest.
594 silly tarball no local data for cookie@https://registry.npmjs.org/cookie/-/cookie-0.7.2.tgz. Extracting by manifest.
595 silly tarball no local data for content-type@https://registry.npmjs.org/content-type/-/content-type-1.0.5.tgz. Extracting by manifest.
596 silly tarball no local data for content-disposition@https://registry.npmjs.org/content-disposition/-/content-disposition-1.0.0.tgz. Extracting by manifest.
597 silly tarball no local data for body-parser@https://registry.npmjs.org/body-parser/-/body-parser-2.2.0.tgz. Extracting by manifest.
598 silly tarball no local data for accepts@https://registry.npmjs.org/accepts/-/accepts-2.0.0.tgz. Extracting by manifest.
599 silly tarball no local data for vary@https://registry.npmjs.org/vary/-/vary-1.1.2.tgz. Extracting by manifest.
600 silly tarball no local data for object-assign@https://registry.npmjs.org/object-assign/-/object-assign-4.1.1.tgz. Extracting by manifest.
601 silly tarball no local data for mysql2@https://registry.npmjs.org/mysql2/-/mysql2-3.14.2.tgz. Extracting by manifest.
602 silly tarball no local data for express@https://registry.npmjs.org/express/-/express-5.1.0.tgz. Extracting by manifest.
603 silly tarball no local data for dotenv@https://registry.npmjs.org/dotenv/-/dotenv-17.2.0.tgz. Extracting by manifest.
604 silly tarball no local data for cors@https://registry.npmjs.org/cors/-/cors-2.8.5.tgz. Extracting by manifest.
605 silly tarball no local data for statuses@https://registry.npmjs.org/statuses/-/statuses-2.0.1.tgz. Extracting by manifest.
606 http fetch POST 200 https://registry.npmjs.org/-/npm/v1/security/advisories/bulk 208ms
607 silly audit report {}
608 http fetch GET 200 https://registry.npmjs.org/media-typer/-/media-typer-1.1.0.tgz 299ms (cache miss)
609 http fetch GET 200 https://registry.npmjs.org/side-channel-map/-/side-channel-map-1.0.1.tgz 355ms (cache miss)
610 http fetch GET 200 https://registry.npmjs.org/hasown/-/hasown-2.0.2.tgz 500ms (cache miss)
611 http fetch GET 200 https://registry.npmjs.org/get-proto/-/get-proto-1.0.1.tgz 500ms (cache miss)
612 http fetch GET 200 https://registry.npmjs.org/side-channel-list/-/side-channel-list-1.0.0.tgz 496ms (cache miss)
613 http fetch GET 200 https://registry.npmjs.org/es-object-atoms/-/es-object-atoms-1.1.1.tgz 532ms (cache miss)
614 http fetch GET 200 https://registry.npmjs.org/is-promise/-/is-promise-4.0.0.tgz 527ms (cache miss)
615 http fetch GET 200 https://registry.npmjs.org/unpipe/-/unpipe-1.0.0.tgz 549ms (cache miss)
616 http fetch GET 200 https://registry.npmjs.org/side-channel/-/side-channel-1.1.0.tgz 550ms (cache miss)
617 http fetch GET 200 https://registry.npmjs.org/forwarded/-/forwarded-0.2.0.tgz 560ms (cache miss)
618 http fetch GET 200 https://registry.npmjs.org/es-define-property/-/es-define-property-1.0.1.tgz 583ms (cache miss)
619 http fetch GET 200 https://registry.npmjs.org/gopd/-/gopd-1.2.0.tgz 584ms (cache miss)
620 http fetch GET 200 https://registry.npmjs.org/is-property/-/is-property-1.0.2.tgz 576ms (cache miss)
621 http fetch GET 200 https://registry.npmjs.org/named-placeholders/-/named-placeholders-1.1.3.tgz 576ms (cache miss)
622 http fetch GET 200 https://registry.npmjs.org/side-channel-weakmap/-/side-channel-weakmap-1.0.2.tgz 591ms (cache miss)
623 http fetch GET 200 https://registry.npmjs.org/ee-first/-/ee-first-1.1.1.tgz 587ms (cache miss)
624 http fetch GET 200 https://registry.npmjs.org/wrappy/-/wrappy-1.0.2.tgz 588ms (cache miss)
625 http fetch GET 200 https://registry.npmjs.org/toidentifier/-/toidentifier-1.0.1.tgz 593ms (cache miss)
626 http fetch GET 200 https://registry.npmjs.org/denque/-/denque-2.1.0.tgz 595ms (cache miss)
627 http fetch GET 200 https://registry.npmjs.org/inherits/-/inherits-2.0.4.tgz 594ms (cache miss)
628 http fetch GET 200 https://registry.npmjs.org/sqlstring/-/sqlstring-2.3.3.tgz 606ms (cache miss)
629 http fetch GET 200 https://registry.npmjs.org/setprototypeof/-/setprototypeof-1.2.0.tgz 608ms (cache miss)
630 http fetch GET 200 https://registry.npmjs.org/bytes/-/bytes-3.1.2.tgz 606ms (cache miss)
631 http fetch GET 200 https://registry.npmjs.org/ipaddr.js/-/ipaddr.js-1.9.1.tgz 629ms (cache miss)
632 http fetch GET 200 https://registry.npmjs.org/statuses/-/statuses-2.0.2.tgz 619ms (cache miss)
633 http fetch GET 200 https://registry.npmjs.org/mime-types/-/mime-types-3.0.1.tgz 617ms (cache miss)
634 http fetch GET 200 https://registry.npmjs.org/seq-queue/-/seq-queue-0.0.5.tgz 634ms (cache miss)
635 http fetch GET 200 https://registry.npmjs.org/generate-function/-/generate-function-2.3.1.tgz 634ms (cache miss)
636 http fetch GET 200 https://registry.npmjs.org/ms/-/ms-2.1.3.tgz 631ms (cache miss)
637 http fetch GET 200 https://registry.npmjs.org/merge-descriptors/-/merge-descriptors-2.0.0.tgz 623ms (cache miss)
638 http fetch GET 200 https://registry.npmjs.org/encodeurl/-/encodeurl-2.0.0.tgz 617ms (cache miss)
639 http fetch GET 200 https://registry.npmjs.org/escape-html/-/escape-html-1.0.3.tgz 618ms (cache miss)
640 http fetch GET 200 https://registry.npmjs.org/call-bind-apply-helpers/-/call-bind-apply-helpers-1.0.2.tgz 649ms (cache miss)
641 http fetch GET 200 https://registry.npmjs.org/es-errors/-/es-errors-1.3.0.tgz 647ms (cache miss)
642 http fetch GET 200 https://registry.npmjs.org/serve-static/-/serve-static-2.2.0.tgz 635ms (cache miss)
643 http fetch GET 200 https://registry.npmjs.org/range-parser/-/range-parser-1.2.1.tgz 633ms (cache miss)
644 http fetch GET 200 https://registry.npmjs.org/once/-/once-1.4.0.tgz 634ms (cache miss)
645 http fetch GET 200 https://registry.npmjs.org/http-errors/-/http-errors-2.0.0.tgz 631ms (cache miss)
646 http fetch GET 200 https://registry.npmjs.org/cookie/-/cookie-0.7.2.tgz 629ms (cache miss)
647 http fetch GET 200 https://registry.npmjs.org/dunder-proto/-/dunder-proto-1.0.1.tgz 667ms (cache miss)
648 http fetch GET 200 https://registry.npmjs.org/lru.min/-/lru.min-1.1.2.tgz 655ms (cache miss)
649 http fetch GET 200 https://registry.npmjs.org/finalhandler/-/finalhandler-2.1.0.tgz 637ms (cache miss)
650 http fetch GET 200 https://registry.npmjs.org/cookie-signature/-/cookie-signature-1.2.2.tgz 640ms (cache miss)
651 http fetch GET 200 https://registry.npmjs.org/content-disposition/-/content-disposition-1.0.0.tgz 640ms (cache miss)
652 http fetch GET 200 https://registry.npmjs.org/has-symbols/-/has-symbols-1.1.0.tgz 677ms (cache miss)
653 http fetch GET 200 https://registry.npmjs.org/path-to-regexp/-/path-to-regexp-8.2.0.tgz 673ms (cache miss)
654 http fetch GET 200 https://registry.npmjs.org/call-bound/-/call-bound-1.0.4.tgz 675ms (cache miss)
655 http fetch GET 200 https://registry.npmjs.org/depd/-/depd-2.0.0.tgz 667ms (cache miss)
656 http fetch GET 200 https://registry.npmjs.org/fresh/-/fresh-2.0.0.tgz 655ms (cache miss)
657 http fetch GET 200 https://registry.npmjs.org/content-type/-/content-type-1.0.5.tgz 652ms (cache miss)
658 http fetch GET 200 https://registry.npmjs.org/etag/-/etag-1.8.1.tgz 655ms (cache miss)
659 http fetch GET 200 https://registry.npmjs.org/accepts/-/accepts-2.0.0.tgz 652ms (cache miss)
660 http fetch GET 200 https://registry.npmjs.org/get-intrinsic/-/get-intrinsic-1.3.0.tgz 688ms (cache miss)
661 http fetch GET 200 https://registry.npmjs.org/proxy-addr/-/proxy-addr-2.0.7.tgz 671ms (cache miss)
662 http fetch GET 200 https://registry.npmjs.org/parseurl/-/parseurl-1.3.3.tgz 671ms (cache miss)
663 http fetch GET 200 https://registry.npmjs.org/vary/-/vary-1.1.2.tgz 658ms (cache miss)
664 http fetch GET 200 https://registry.npmjs.org/object-assign/-/object-assign-4.1.1.tgz 659ms (cache miss)
665 http fetch GET 200 https://registry.npmjs.org/statuses/-/statuses-2.0.1.tgz 658ms (cache miss)
666 http fetch GET 200 https://registry.npmjs.org/safer-buffer/-/safer-buffer-2.1.2.tgz 685ms (cache miss)
667 http fetch GET 200 https://registry.npmjs.org/type-is/-/type-is-2.0.1.tgz 682ms (cache miss)
668 http fetch GET 200 https://registry.npmjs.org/cors/-/cors-2.8.5.tgz 669ms (cache miss)
669 http fetch GET 200 https://registry.npmjs.org/on-finished/-/on-finished-2.4.1.tgz 684ms (cache miss)
670 http fetch GET 200 https://registry.npmjs.org/negotiator/-/negotiator-1.0.0.tgz 692ms (cache miss)
671 http fetch GET 200 https://registry.npmjs.org/send/-/send-1.2.0.tgz 690ms (cache miss)
672 http fetch GET 200 https://registry.npmjs.org/raw-body/-/raw-body-3.0.0.tgz 698ms (cache miss)
673 http fetch GET 200 https://registry.npmjs.org/function-bind/-/function-bind-1.1.2.tgz 713ms (cache miss)
674 http fetch GET 200 https://registry.npmjs.org/safe-buffer/-/safe-buffer-5.2.1.tgz 698ms (cache miss)
675 http fetch GET 200 https://registry.npmjs.org/long/-/long-5.3.2.tgz 724ms (cache miss)
676 http fetch GET 200 https://registry.npmjs.org/router/-/router-2.2.0.tgz 717ms (cache miss)
677 http fetch GET 200 https://registry.npmjs.org/mime-db/-/mime-db-1.54.0.tgz 729ms (cache miss)
678 http fetch GET 200 https://registry.npmjs.org/math-intrinsics/-/math-intrinsics-1.1.0.tgz 745ms (cache miss)
679 http fetch GET 200 https://registry.npmjs.org/object-inspect/-/object-inspect-1.13.4.tgz 742ms (cache miss)
680 http fetch GET 200 https://registry.npmjs.org/debug/-/debug-4.4.1.tgz 716ms (cache miss)
681 http fetch GET 200 https://registry.npmjs.org/body-parser/-/body-parser-2.2.0.tgz 715ms (cache miss)
682 http fetch GET 200 https://registry.npmjs.org/dotenv/-/dotenv-17.2.0.tgz 716ms (cache miss)
683 http fetch GET 200 https://registry.npmjs.org/lru-cache/-/lru-cache-7.18.3.tgz 744ms (cache miss)
684 http fetch GET 200 https://registry.npmjs.org/aws-ssl-profiles/-/aws-ssl-profiles-1.1.2.tgz 766ms (cache miss)
685 http fetch GET 200 https://registry.npmjs.org/express/-/express-5.1.0.tgz 742ms (cache miss)
686 http fetch GET 200 https://registry.npmjs.org/qs/-/qs-6.14.0.tgz 760ms (cache miss)
687 http fetch GET 200 https://registry.npmjs.org/iconv-lite/-/iconv-lite-0.6.3.tgz 782ms (cache miss)
688 http fetch GET 200 https://registry.npmjs.org/mysql2/-/mysql2-3.14.2.tgz 790ms (cache miss)
689 silly ADD node_modules/media-typer
690 silly ADD node_modules/dunder-proto
691 silly ADD node_modules/math-intrinsics
692 silly ADD node_modules/hasown
693 silly ADD node_modules/has-symbols
694 silly ADD node_modules/gopd
695 silly ADD node_modules/get-proto
696 silly ADD node_modules/es-object-atoms
697 silly ADD node_modules/es-define-property
698 silly ADD node_modules/function-bind
699 silly ADD node_modules/call-bind-apply-helpers
700 silly ADD node_modules/get-intrinsic
701 silly ADD node_modules/call-bound
702 silly ADD node_modules/side-channel-weakmap
703 silly ADD node_modules/side-channel-map
704 silly ADD node_modules/side-channel-list
705 silly ADD node_modules/object-inspect
706 silly ADD node_modules/es-errors
707 silly ADD node_modules/path-to-regexp
708 silly ADD node_modules/is-promise
709 silly ADD node_modules/unpipe
710 silly ADD node_modules/side-channel
711 silly ADD node_modules/ipaddr.js
712 silly ADD node_modules/forwarded
713 silly ADD node_modules/wrappy
714 silly ADD node_modules/ee-first
715 silly ADD node_modules/lru-cache
716 silly ADD node_modules/is-property
717 silly ADD node_modules/sqlstring
718 silly ADD node_modules/seq-queue
719 silly ADD node_modules/named-placeholders
720 silly ADD node_modules/lru.min
721 silly ADD node_modules/long
722 silly ADD node_modules/generate-function
723 silly ADD node_modules/denque
724 silly ADD node_modules/aws-ssl-profiles
725 silly ADD node_modules/mime-db
726 silly ADD node_modules/safer-buffer
727 silly ADD node_modules/toidentifier
728 silly ADD node_modules/setprototypeof
729 silly ADD node_modules/inherits
730 silly ADD node_modules/depd
731 silly ADD node_modules/ms
732 silly ADD node_modules/safe-buffer
733 silly ADD node_modules/raw-body
734 silly ADD node_modules/iconv-lite
735 silly ADD node_modules/bytes
736 silly ADD node_modules/negotiator
737 silly ADD node_modules/type-is
738 silly ADD node_modules/statuses
739 silly ADD node_modules/serve-static
740 silly ADD node_modules/send
741 silly ADD node_modules/router
742 silly ADD node_modules/range-parser
743 silly ADD node_modules/qs
744 silly ADD node_modules/proxy-addr
745 silly ADD node_modules/parseurl
746 silly ADD node_modules/once
747 silly ADD node_modules/on-finished
748 silly ADD node_modules/mime-types
749 silly ADD node_modules/merge-descriptors
750 silly ADD node_modules/http-errors
751 silly ADD node_modules/http-errors/node_modules/statuses
752 silly ADD node_modules/fresh
753 silly ADD node_modules/finalhandler
754 silly ADD node_modules/etag
755 silly ADD node_modules/escape-html
756 silly ADD node_modules/encodeurl
757 silly ADD node_modules/debug
758 silly ADD node_modules/cookie-signature
759 silly ADD node_modules/cookie
760 silly ADD node_modules/content-type
761 silly ADD node_modules/content-disposition
762 silly ADD node_modules/body-parser
763 silly ADD node_modules/accepts
764 silly ADD node_modules/vary
765 silly ADD node_modules/object-assign
766 silly ADD node_modules/mysql2
767 silly ADD node_modules/express
768 silly ADD node_modules/dotenv
769 silly ADD node_modules/cors
770 verbose cwd /root
771 verbose os Linux 5.15.0-144-generic
772 verbose node v22.17.1
773 verbose npm  v10.9.2
774 verbose exit 0
775 info ok
