0 verbose cli /root/.nvm/versions/node/v22.17.1/bin/node /root/.nvm/versions/node/v22.17.1/bin/npm
1 info using npm@10.9.2
2 info using node@v22.17.1
3 silly config load:file:/root/.nvm/versions/node/v22.17.1/lib/node_modules/npm/npmrc
4 silly config load:file:/root/.npmrc
5 silly config load:file:/root/.nvm/versions/node/v22.17.1/etc/npmrc
6 verbose title npm init
7 verbose argv "init" "--yes"
8 verbose logfile logs-max:10 dir:/root/.npm/_logs/2025-07-24T13_17_03_027Z-
9 verbose logfile /root/.npm/_logs/2025-07-24T13_17_03_027Z-debug-0.log
10 silly logfile done cleaning log files
11 silly package data {
11 silly package data   name: 'root',
11 silly package data   version: '1.0.0',
11 silly package data   main: 'index.js',
11 silly package data   scripts: { test: 'echo "Error: no test specified" && exit 1' },
11 silly package data   keywords: [],
11 silly package data   author: '',
11 silly package data   license: 'ISC',
11 silly package data   description: ''
11 silly package data }
12 verbose cwd /root
13 verbose os Linux 5.15.0-144-generic
14 verbose node v22.17.1
15 verbose npm  v10.9.2
16 verbose exit 0
17 info ok
